# JRE version: OpenJDK Runtime Environment (11.0.11+9) (build 11.0.11+9-b60-7590822)
# Java VM: OpenJDK 64-Bit Server VM (11.0.11+9-b60-7590822, mixed mode, tiered, compressed oops, g1 gc, windows-amd64)
Heap:
 garbage-first heap   total 172032K, used 102315K [0x0000000080000000, 0x0000000100000000)
  region size 1024K, 2 young (2048K), 2 survivors (2048K)
 Metaspace       used 89639K, capacity 91577K, committed 91812K, reserved 1128448K
  class space    used 11403K, capacity 12167K, committed 12288K, reserved 1048576K
GC Heap History (20 events):
Event: 70.988 GC heap after
{Heap after GC invocations=36 (full 0):
 garbage-first heap   total 143360K, used 96256K [0x0000000080000000, 0x0000000100000000)
  region size 1024K, 3 young (3072K), 3 survivors (3072K)
 Metaspace       used 86591K, capacity 88531K, committed 88740K, reserved 1126400K
  class space    used 11176K, capacity 11922K, committed 12032K, reserved 1048576K
}
Event: 72.037 GC heap before
{Heap before GC invocations=37 (full 0):
 garbage-first heap   total 143360K, used 122880K [0x0000000080000000, 0x0000000100000000)
  region size 1024K, 21 young (21504K), 3 survivors (3072K)
 Metaspace       used 86840K, capacity 88755K, committed 88996K, reserved 1126400K
  class space    used 11197K, capacity 11954K, committed 12032K, reserved 1048576K
}
Event: 72.064 GC heap after
{Heap after GC invocations=38 (full 0):
 garbage-first heap   total 143360K, used 99698K [0x0000000080000000, 0x0000000100000000)
  region size 1024K, 3 young (3072K), 3 survivors (3072K)
 Metaspace       used 86840K, capacity 88755K, committed 88996K, reserved 1126400K
  class space    used 11197K, capacity 11954K, committed 12032K, reserved 1048576K
}
Event: 72.602 GC heap before
{Heap before GC invocations=38 (full 0):
 garbage-first heap   total 143360K, used 117106K [0x0000000080000000, 0x0000000100000000)
  region size 1024K, 20 young (20480K), 3 survivors (3072K)
 Metaspace       used 86926K, capacity 88823K, committed 88996K, reserved 1126400K
  class space    used 11203K, capacity 11955K, committed 12032K, reserved 1048576K
}
Event: 72.620 GC heap after
{Heap after GC invocations=39 (full 0):
 garbage-first heap   total 143360K, used 101536K [0x0000000080000000, 0x0000000100000000)
  region size 1024K, 2 young (2048K), 2 survivors (2048K)
 Metaspace       used 86926K, capacity 88823K, committed 88996K, reserved 1126400K
  class space    used 11203K, capacity 11955K, committed 12032K, reserved 1048576K
}
Event: 73.035 GC heap before
{Heap before GC invocations=39 (full 0):
 garbage-first heap   total 143360K, used 118944K [0x0000000080000000, 0x0000000100000000)
  region size 1024K, 19 young (19456K), 2 survivors (2048K)
 Metaspace       used 86936K, capacity 88823K, committed 88996K, reserved 1126400K
  class space    used 11203K, capacity 11955K, committed 12032K, reserved 1048576K
}
Event: 73.043 GC heap after
{Heap after GC invocations=40 (full 0):
 garbage-first heap   total 143360K, used 101241K [0x0000000080000000, 0x0000000100000000)
  region size 1024K, 2 young (2048K), 2 survivors (2048K)
 Metaspace       used 86936K, capacity 88823K, committed 88996K, reserved 1126400K
  class space    used 11203K, capacity 11955K, committed 12032K, reserved 1048576K
}
Event: 73.206 GC heap before
{Heap before GC invocations=40 (full 0):
 garbage-first heap   total 143360K, used 118649K [0x0000000080000000, 0x0000000100000000)
  region size 1024K, 19 young (19456K), 2 survivors (2048K)
 Metaspace       used 86941K, capacity 88890K, committed 88996K, reserved 1126400K
  class space    used 11203K, capacity 11956K, committed 12032K, reserved 1048576K
}
Event: 73.213 GC heap after
{Heap after GC invocations=41 (full 0):
 garbage-first heap   total 143360K, used 101320K [0x0000000080000000, 0x0000000100000000)
  region size 1024K, 2 young (2048K), 2 survivors (2048K)
 Metaspace       used 86941K, capacity 88890K, committed 88996K, reserved 1126400K
  class space    used 11203K, capacity 11956K, committed 12032K, reserved 1048576K
}
Event: 73.551 GC heap before
{Heap before GC invocations=42 (full 0):
 garbage-first heap   total 143360K, used 119752K [0x0000000080000000, 0x0000000100000000)
  region size 1024K, 20 young (20480K), 2 survivors (2048K)
 Metaspace       used 86968K, capacity 88960K, committed 89252K, reserved 1126400K
  class space    used 11206K, capacity 11958K, committed 12032K, reserved 1048576K
}
Event: 73.564 GC heap after
{Heap after GC invocations=43 (full 0):
 garbage-first heap   total 143360K, used 104694K [0x0000000080000000, 0x0000000100000000)
  region size 1024K, 3 young (3072K), 3 survivors (3072K)
 Metaspace       used 86968K, capacity 88960K, committed 89252K, reserved 1126400K
  class space    used 11206K, capacity 11958K, committed 12032K, reserved 1048576K
}
Event: 73.611 GC heap before
{Heap before GC invocations=43 (full 0):
 garbage-first heap   total 143360K, used 104694K [0x0000000080000000, 0x0000000100000000)
  region size 1024K, 5 young (5120K), 3 survivors (3072K)
 Metaspace       used 86970K, capacity 88960K, committed 89252K, reserved 1126400K
  class space    used 11206K, capacity 11958K, committed 12032K, reserved 1048576K
}
Event: 73.624 GC heap after
{Heap after GC invocations=44 (full 0):
 garbage-first heap   total 143360K, used 106402K [0x0000000080000000, 0x0000000100000000)
  region size 1024K, 2 young (2048K), 2 survivors (2048K)
 Metaspace       used 86970K, capacity 88960K, committed 89252K, reserved 1126400K
  class space    used 11206K, capacity 11958K, committed 12032K, reserved 1048576K
}
Event: 74.187 GC heap before
{Heap before GC invocations=44 (full 0):
 garbage-first heap   total 143360K, used 133026K [0x0000000080000000, 0x0000000100000000)
  region size 1024K, 13 young (13312K), 2 survivors (2048K)
 Metaspace       used 87361K, capacity 89307K, committed 89508K, reserved 1126400K
  class space    used 11230K, capacity 11974K, committed 12032K, reserved 1048576K
}
Event: 74.195 GC heap after
{Heap after GC invocations=45 (full 0):
 garbage-first heap   total 143360K, used 107362K [0x0000000080000000, 0x0000000100000000)
  region size 1024K, 2 young (2048K), 2 survivors (2048K)
 Metaspace       used 87361K, capacity 89307K, committed 89508K, reserved 1126400K
  class space    used 11230K, capacity 11974K, committed 12032K, reserved 1048576K
}
Event: 74.404 GC heap before
{Heap before GC invocations=46 (full 0):
 garbage-first heap   total 143360K, used 117602K [0x0000000080000000, 0x0000000100000000)
  region size 1024K, 13 young (13312K), 2 survivors (2048K)
 Metaspace       used 87507K, capacity 89531K, committed 89764K, reserved 1126400K
  class space    used 11240K, capacity 12006K, committed 12032K, reserved 1048576K
}
Event: 74.411 GC heap after
{Heap after GC invocations=47 (full 0):
 garbage-first heap   total 143360K, used 109094K [0x0000000080000000, 0x0000000100000000)
  region size 1024K, 2 young (2048K), 2 survivors (2048K)
 Metaspace       used 87507K, capacity 89531K, committed 89764K, reserved 1126400K
  class space    used 11240K, capacity 12006K, committed 12032K, reserved 1048576K
}
Event: 76.366 GC heap before
{Heap before GC invocations=47 (full 0):
 garbage-first heap   total 143360K, used 119334K [0x0000000080000000, 0x0000000100000000)
  region size 1024K, 13 young (13312K), 2 survivors (2048K)
 Metaspace       used 89405K, capacity 91385K, committed 91556K, reserved 1128448K
  class space    used 11398K, capacity 12167K, committed 12288K, reserved 1048576K
}
Event: 76.373 GC heap after
{Heap after GC invocations=48 (full 0):
 garbage-first heap   total 143360K, used 110156K [0x0000000080000000, 0x0000000100000000)
  region size 1024K, 1 young (1024K), 1 survivors (1024K)
 Metaspace       used 89405K, capacity 91385K, committed 91556K, reserved 1128448K
  class space    used 11398K, capacity 12167K, committed 12288K, reserved 1048576K
}
Event: 76.988 GC heap before
{Heap before GC invocations=49 (full 0):
 garbage-first heap   total 143360K, used 111180K [0x0000000080000000, 0x0000000100000000)
  region size 1024K, 12 young (12288K), 1 survivors (1024K)
 Metaspace       used 89639K, capacity 91577K, committed 91812K, reserved 1128448K
  class space    used 11403K, capacity 12167K, committed 12288K, reserved 1048576K
}

